<?xml version="1.0" encoding="UTF-8"?>
<!-- Generated by org.testng.reporters.JUnitReportReporter -->
<testsuite hostname="DESKTOP-5DVAIBA" failures="0" tests="3" name="com.testng.CrossBrowserTest" time="27.944" errors="0" timestamp="2023-08-18T15:46:41 IST" skipped="0">
  <testcase classname="com.testng.CrossBrowserTest" name="firefox" time="9.648"/>
  <testcase classname="com.testng.CrossBrowserTest" name="Chrome" time="9.099"/>
  <testcase classname="com.testng.CrossBrowserTest" name="edge" time="9.197"/>
</testsuite> <!-- com.testng.CrossBrowserTest -->
